Using pre-set license
Built from '2022.3/staging' branch; Version is '2022.3.26f1 (ec6cd8118806) revision 15494360'; Using compiler version '192829333'; Build Type 'Release'
OS: 'Windows 11  (10.0.26100) 64bit Core' Language: 'en' Physical Memory: 16087 MB
BatchMode: 1, IsHumanControllingUs: 0, StartBugReporterOnCrash: 0, Is64bit: 1, IsPro: 1

COMMAND LINE ARGUMENTS:
C:\Program Files\Unity\Hub\Editor\2022.3.26f1\Editor\Unity.exe
-adb2
-batchMode
-noUpm
-name
AssetImportWorker2
-projectPath
C:/Users/glanv/Documents/GitHub/TechHack4Dementia/TechHack4Dementia/TechHack4Dementia
-logFile
Logs/AssetImportWorker2.log
-srvPort
55631
Successfully changed project path to: C:/Users/glanv/Documents/GitHub/TechHack4Dementia/TechHack4Dementia/TechHack4Dementia
C:/Users/glanv/Documents/GitHub/TechHack4Dementia/TechHack4Dementia/TechHack4Dementia
[UnityMemory] Configuration Parameters - Can be set up in boot.config
    "memorysetup-bucket-allocator-granularity=16"
    "memorysetup-bucket-allocator-bucket-count=8"
    "memorysetup-bucket-allocator-block-size=33554432"
    "memorysetup-bucket-allocator-block-count=8"
    "memorysetup-main-allocator-block-size=16777216"
    "memorysetup-thread-allocator-block-size=16777216"
    "memorysetup-gfx-main-allocator-block-size=16777216"
    "memorysetup-gfx-thread-allocator-block-size=16777216"
    "memorysetup-cache-allocator-block-size=4194304"
    "memorysetup-typetree-allocator-block-size=2097152"
    "memorysetup-profiler-bucket-allocator-granularity=16"
    "memorysetup-profiler-bucket-allocator-bucket-count=8"
    "memorysetup-profiler-bucket-allocator-block-size=33554432"
    "memorysetup-profiler-bucket-allocator-block-count=8"
    "memorysetup-profiler-allocator-block-size=16777216"
    "memorysetup-profiler-editor-allocator-block-size=1048576"
    "memorysetup-temp-allocator-size-main=16777216"
    "memorysetup-job-temp-allocator-block-size=2097152"
    "memorysetup-job-temp-allocator-block-size-background=1048576"
    "memorysetup-job-temp-allocator-reduction-small-platforms=262144"
    "memorysetup-allocator-temp-initial-block-size-main=262144"
    "memorysetup-allocator-temp-initial-block-size-worker=262144"
    "memorysetup-temp-allocator-size-background-worker=32768"
    "memorysetup-temp-allocator-size-job-worker=262144"
    "memorysetup-temp-allocator-size-preload-manager=33554432"
    "memorysetup-temp-allocator-size-nav-mesh-worker=65536"
    "memorysetup-temp-allocator-size-audio-worker=65536"
    "memorysetup-temp-allocator-size-cloud-worker=32768"
    "memorysetup-temp-allocator-size-gi-baking-worker=262144"
    "memorysetup-temp-allocator-size-gfx=262144"
Player connection [34392] Host "[IP] 192.168.0.39 [Port] 0 [Flags] 2 [Guid] 1826650987 [EditorId] 1826650987 [Version] 1048832 [Id] WindowsEditor(7,UFO-LANDING-POD) [Debug] 1 [PackageName] WindowsEditor [ProjectName] Editor" joined multi-casting on [225.0.0.222:54997]...

Player connection [34392] Host "[IP] 192.168.0.39 [Port] 0 [Flags] 2 [Guid] 1826650987 [EditorId] 1826650987 [Version] 1048832 [Id] WindowsEditor(7,UFO-LANDING-POD) [Debug] 1 [PackageName] WindowsEditor [ProjectName] Editor" joined alternative multi-casting on [225.0.0.222:34997]...

[Physics::Module] Initialized MultithreadedJobDispatcher with 11 workers.
Refreshing native plugins compatible for Editor in 20.01 ms, found 5 plugins.
Preloading 1 native plugins for Editor in 2.69 ms.
Initialize engine version: 2022.3.26f1 (ec6cd8118806)
[Subsystems] Discovering subsystems at path C:/Program Files/Unity/Hub/Editor/2022.3.26f1/Editor/Data/Resources/UnitySubsystems
[Subsystems] Discovering subsystems at path C:/Users/glanv/Documents/GitHub/TechHack4Dementia/TechHack4Dementia/TechHack4Dementia/Assets
GfxDevice: creating device client; threaded=0; jobified=0
Direct3D:
    Version:  Direct3D 11.0 [level 11.1]
    Renderer: Intel(R) Iris(R) Xe Graphics (ID=0xa7a1)
    Vendor:   Intel
    VRAM:     8043 MB
    Driver:   31.0.101.3959
Initialize mono
Mono path[0] = 'C:/Program Files/Unity/Hub/Editor/2022.3.26f1/Editor/Data/Managed'
Mono path[1] = 'C:/Program Files/Unity/Hub/Editor/2022.3.26f1/Editor/Data/MonoBleedingEdge/lib/mono/unityjit-win32'
Mono config path = 'C:/Program Files/Unity/Hub/Editor/2022.3.26f1/Editor/Data/MonoBleedingEdge/etc'
Using monoOptions --debugger-agent=transport=dt_socket,embedding=1,server=y,suspend=n,address=127.0.0.1:56108
Begin MonoManager ReloadAssembly
Registering precompiled unity dll's ...
Register platform support module: C:/Program Files/Unity/Hub/Editor/2022.3.26f1/Editor/Data/PlaybackEngines/AndroidPlayer/UnityEditor.Android.Extensions.dll
Register platform support module: C:/Program Files/Unity/Hub/Editor/2022.3.26f1/Editor/Data/PlaybackEngines/iOSSupport/UnityEditor.iOS.Extensions.dll
Register platform support module: C:/Program Files/Unity/Hub/Editor/2022.3.26f1/Editor/Data/PlaybackEngines/WindowsStandaloneSupport/UnityEditor.WindowsStandalone.Extensions.dll
Registered in 0.011337 seconds.
- Loaded All Assemblies, in  0.574 seconds
Native extension for WindowsStandalone target not found
[usbmuxd] Start listen thread
[usbmuxd] Listen thread started
[usbmuxd] Send listen message
Native extension for iOS target not found
Native extension for Android target not found
Android Extension - Scanning For ADB Devices 376 ms
Mono: successfully reloaded assembly
- Finished resetting the current domain, in  0.863 seconds
Domain Reload Profiling: 1437ms
	BeginReloadAssembly (144ms)
		ExecutionOrderSort (0ms)
		DisableScriptedObjects (0ms)
		BackupInstance (0ms)
		ReleaseScriptingObjects (0ms)
		CreateAndSetChildDomain (1ms)
	RebuildCommonClasses (45ms)
	RebuildNativeTypeToScriptingClass (14ms)
	initialDomainReloadingComplete (87ms)
	LoadAllAssembliesAndSetupDomain (284ms)
		LoadAssemblies (143ms)
		RebuildTransferFunctionScriptingTraits (0ms)
		AnalyzeDomain (280ms)
			TypeCache.Refresh (278ms)
				TypeCache.ScanAssembly (252ms)
			ScanForSourceGeneratedMonoScriptInfo (0ms)
			ResolveRequiredComponents (1ms)
	FinalizeReload (864ms)
		ReleaseScriptCaches (0ms)
		RebuildScriptCaches (0ms)
		SetupLoadedEditorAssemblies (774ms)
			LogAssemblyErrors (0ms)
			InitializePlatformSupportModulesInManaged (547ms)
			SetLoadedEditorAssemblies (5ms)
			RefreshPlugins (0ms)
			BeforeProcessingInitializeOnLoad (4ms)
			ProcessInitializeOnLoadAttributes (153ms)
			ProcessInitializeOnLoadMethodAttributes (66ms)
			AfterProcessingInitializeOnLoad (0ms)
			EditorAssembliesLoaded (0ms)
		ExecutionOrderSort2 (0ms)
		AwakeInstancesAfterBackupRestoration (0ms)
========================================================================
Worker process is ready to serve import requests
Begin MonoManager ReloadAssembly
DirectoryNotFoundException: Could not find a part of the path "C:\Users\glanv\Documents\GitHub\TechHack4Dementia\TechHack4Dementia\TechHack4Dementia\Library\PackageCache\io.getstream.video@f9c76dfc7b\Runtime\Libs\System\System.Runtime.CompilerServices.Unsafe\4.5.3\lib\netstandard2.0\System.Runtime.CompilerServices.Unsafe.dll"
  at System.IO.FileStream..ctor (System.String path, System.IO.FileMode mode, System.IO.FileAccess access, System.IO.FileShare share, System.Int32 bufferSize, System.Boolean anonymous, System.IO.FileOptions options) [0x0019e] in <b11ba2a8fbf24f219f7cc98532a11304>:0 
  at System.IO.FileStream..ctor (System.String path, System.IO.FileMode mode, System.IO.FileAccess access, System.IO.FileShare share) [0x00000] in <b11ba2a8fbf24f219f7cc98532a11304>:0 
  at (wrapper remoting-invoke-with-check) System.IO.FileStream..ctor(string,System.IO.FileMode,System.IO.FileAccess,System.IO.FileShare)
  at Mono.Cecil.ModuleDefinition.GetFileStream (System.String fileName, System.IO.FileMode mode, System.IO.FileAccess access, System.IO.FileShare share) [0x00006] in <a6860a9f6366437387ebdc1f225b7fd4>:0 
  at Mono.Cecil.ModuleDefinition.ReadModule (System.String fileName, Mono.Cecil.ReaderParameters parameters) [0x00008] in <a6860a9f6366437387ebdc1f225b7fd4>:0 
  at Mono.Cecil.AssemblyDefinition.ReadAssembly (System.String fileName, Mono.Cecil.ReaderParameters parameters) [0x00000] in <a6860a9f6366437387ebdc1f225b7fd4>:0 
  at UnityEditor.AssemblyValidation.LoadAssemblyDefinitions (System.String[] assemblyPaths, System.String[] searchPaths) [0x00048] in <8a5cd56eb1bb450ba65aa5485166bfb3>:0 
  at UnityEditor.AssemblyValidation.ValidateAssemblies (System.String[] assemblyPaths, System.Boolean enableLogging) [0x00007] in <8a5cd56eb1bb450ba65aa5485166bfb3>:0 

Symbol file LoadedFromMemory is not a mono symbol file
- Loaded All Assemblies, in  0.833 seconds
Refreshing native plugins compatible for Editor in 12.28 ms, found 5 plugins.
Native extension for WindowsStandalone target not found
Native extension for iOS target not found
Native extension for Android target not found
Mono: successfully reloaded assembly
- Finished resetting the current domain, in  0.958 seconds
Domain Reload Profiling: 1785ms
	BeginReloadAssembly (189ms)
		ExecutionOrderSort (0ms)
		DisableScriptedObjects (5ms)
		BackupInstance (0ms)
		ReleaseScriptingObjects (0ms)
		CreateAndSetChildDomain (32ms)
	RebuildCommonClasses (38ms)
	RebuildNativeTypeToScriptingClass (10ms)
	initialDomainReloadingComplete (70ms)
	LoadAllAssembliesAndSetupDomain (519ms)
		LoadAssemblies (381ms)
		RebuildTransferFunctionScriptingTraits (0ms)
		AnalyzeDomain (246ms)
			TypeCache.Refresh (206ms)
				TypeCache.ScanAssembly (183ms)
			ScanForSourceGeneratedMonoScriptInfo (30ms)
			ResolveRequiredComponents (7ms)
	FinalizeReload (959ms)
		ReleaseScriptCaches (0ms)
		RebuildScriptCaches (0ms)
		SetupLoadedEditorAssemblies (707ms)
			LogAssemblyErrors (0ms)
			InitializePlatformSupportModulesInManaged (37ms)
			SetLoadedEditorAssemblies (8ms)
			RefreshPlugins (0ms)
			BeforeProcessingInitializeOnLoad (135ms)
			ProcessInitializeOnLoadAttributes (472ms)
			ProcessInitializeOnLoadMethodAttributes (46ms)
			AfterProcessingInitializeOnLoad (8ms)
			EditorAssembliesLoaded (1ms)
		ExecutionOrderSort2 (0ms)
		AwakeInstancesAfterBackupRestoration (8ms)
Launched and connected shader compiler UnityShaderCompiler.exe after 0.07 seconds
Refreshing native plugins compatible for Editor in 14.37 ms, found 5 plugins.
Preloading 1 native plugins for Editor in 0.19 ms.
Unloading 4815 Unused Serialized files (Serialized files now loaded: 0)
Unloading 79 unused Assets / (67.6 KB). Loaded Objects now: 5269.
Memory consumption went from 168.2 MB to 168.2 MB.
Total: 5.020800 ms (FindLiveObjects: 0.374800 ms CreateObjectMapping: 0.258500 ms MarkObjects: 4.143000 ms  DeleteObjects: 0.242800 ms)

AssetImportParameters requested are different than current active one (requested -> active):
  custom:container-demuxer-ogg: 62fdf1f143b41e24485cea50d1cbac27 -> 
  custom:video-decoder-ogg-theora: a1e56fd34408186e4bbccfd4996cb3dc -> 
  custom:framework-win-MediaFoundation: 216162199b28c13a410421893ffa2e32 -> 
  custom:CustomObjectIndexerAttribute: 9a22284fe3817be447336de3de66b15e -> 
  custom:container-demuxer-webm: 4f35f7cbe854078d1ac9338744f61a02 -> 
  custom:container-muxer-webm: aa71ff27fc2769a1b78a27578f13a17b -> 
  custom:video-decoder-webm-vp8: 9c59270c3fd7afecdb556c50c9e8de78 -> 
  custom:SearchIndexIgnoredProperties: e643bd26f0fe6173181afceb89e7c659 -> 
  custom:AudioImporter_EditorPlatform: d09bf68614088b80899f8185d706f6e7 -> 
  custom:video-encoder-webm-vp8: eb34c28f22e8b96e1ab97ce403110664 -> 
  custom:audio-decoder-ogg-vorbis: bf7c407c2cedff20999df2af8eb42d56 -> 
  custom:audio-encoder-webm-vorbis: bf7c407c2cedff20999df2af8eb42d56 -> 
========================================================================
Received Import Request.
  Time since last request: 199327.975382 seconds.
  path: Assets/plugins/unscreen-079.png
  artifactKey: Guid(f4795f21d84f63e45b63e25d431cbdce) Importer(815301076,1909f56bfc062723c751e8b465ee728b)
Start importing Assets/plugins/unscreen-079.png using Guid(f4795f21d84f63e45b63e25d431cbdce) Importer(815301076,1909f56bfc062723c751e8b465ee728b)  -> (artifact id: 'e275dc82a40b88d64da09f0c0da4a938') in 0.113249 seconds
Number of updated asset objects reloaded before import = 0
Number of asset objects unloaded after import = 3
========================================================================
Received Import Request.
  Time since last request: 0.000019 seconds.
  path: Assets/plugins/unscreen-095.png
  artifactKey: Guid(8e53674c040099842bf5c8f17b86f263) Importer(815301076,1909f56bfc062723c751e8b465ee728b)
Start importing Assets/plugins/unscreen-095.png using Guid(8e53674c040099842bf5c8f17b86f263) Importer(815301076,1909f56bfc062723c751e8b465ee728b)  -> (artifact id: '1e124d74faba839f837953c8852a09b7') in 0.027200 seconds
Number of updated asset objects reloaded before import = 0
Number of asset objects unloaded after import = 3
========================================================================
Received Import Request.
  Time since last request: 0.000032 seconds.
  path: Assets/plugins/unscreen-097.png
  artifactKey: Guid(5a3028a9ba440f54a85f5df910f4e413) Importer(815301076,1909f56bfc062723c751e8b465ee728b)
Start importing Assets/plugins/unscreen-097.png using Guid(5a3028a9ba440f54a85f5df910f4e413) Importer(815301076,1909f56bfc062723c751e8b465ee728b)  -> (artifact id: '6a2703a55b7547be9634ba966e0147c2') in 0.028163 seconds
Number of updated asset objects reloaded before import = 0
Number of asset objects unloaded after import = 3
========================================================================
Received Import Request.
  Time since last request: 0.000026 seconds.
  path: Assets/plugins/unscreen-132.png
  artifactKey: Guid(b54580e41388ad548afebf4c8078513b) Importer(815301076,1909f56bfc062723c751e8b465ee728b)
Start importing Assets/plugins/unscreen-132.png using Guid(b54580e41388ad548afebf4c8078513b) Importer(815301076,1909f56bfc062723c751e8b465ee728b)  -> (artifact id: 'cc1f4dbccac570d96cdb389f9fa6a413') in 0.024626 seconds
Number of updated asset objects reloaded before import = 0
Number of asset objects unloaded after import = 3
========================================================================
Received Import Request.
  Time since last request: 0.000019 seconds.
  path: Assets/plugins/unscreen-120.png
  artifactKey: Guid(888f1469c749dcb47ab63bb709eaa43c) Importer(815301076,1909f56bfc062723c751e8b465ee728b)
Start importing Assets/plugins/unscreen-120.png using Guid(888f1469c749dcb47ab63bb709eaa43c) Importer(815301076,1909f56bfc062723c751e8b465ee728b)  -> (artifact id: '6b160d357446c0225d9ab40429f5b397') in 0.032722 seconds
Number of updated asset objects reloaded before import = 0
Number of asset objects unloaded after import = 3
========================================================================
Received Import Request.
  Time since last request: 0.000026 seconds.
  path: Assets/plugins/unscreen-147.png
  artifactKey: Guid(b2991e9afff29db41af307772d4d3aa4) Importer(815301076,1909f56bfc062723c751e8b465ee728b)
Start importing Assets/plugins/unscreen-147.png using Guid(b2991e9afff29db41af307772d4d3aa4) Importer(815301076,1909f56bfc062723c751e8b465ee728b)  -> (artifact id: 'a79a19de99dd92d9f1c6d46d5dcec667') in 0.026561 seconds
Number of updated asset objects reloaded before import = 0
Number of asset objects unloaded after import = 3
========================================================================
Received Import Request.
  Time since last request: 0.000026 seconds.
  path: Assets/plugins/unscreen-144.png
  artifactKey: Guid(00eba308356d704499966634f2003203) Importer(815301076,1909f56bfc062723c751e8b465ee728b)
Start importing Assets/plugins/unscreen-144.png using Guid(00eba308356d704499966634f2003203) Importer(815301076,1909f56bfc062723c751e8b465ee728b)  -> (artifact id: 'c243f720a10ab092a0ceadf72ca90833') in 0.028889 seconds
Number of updated asset objects reloaded before import = 0
Number of asset objects unloaded after import = 3
========================================================================
Received Import Request.
  Time since last request: 0.000022 seconds.
  path: Assets/plugins/unscreen-143.png
  artifactKey: Guid(512428f2696d9cf4099f208a6ceb51bd) Importer(815301076,1909f56bfc062723c751e8b465ee728b)
Start importing Assets/plugins/unscreen-143.png using Guid(512428f2696d9cf4099f208a6ceb51bd) Importer(815301076,1909f56bfc062723c751e8b465ee728b)  -> (artifact id: '5b87adfe1336e6e7b2c0def6fbe38c60') in 0.029184 seconds
Number of updated asset objects reloaded before import = 0
Number of asset objects unloaded after import = 3
========================================================================
Received Import Request.
  Time since last request: 0.000021 seconds.
  path: Assets/plugins/unscreen-124.png
  artifactKey: Guid(b4240ee9adda29145a9039c724cf73d3) Importer(815301076,1909f56bfc062723c751e8b465ee728b)
Start importing Assets/plugins/unscreen-124.png using Guid(b4240ee9adda29145a9039c724cf73d3) Importer(815301076,1909f56bfc062723c751e8b465ee728b)  -> (artifact id: '1ed11a39914b025ff890423ed9dcff9a') in 0.027423 seconds
Number of updated asset objects reloaded before import = 0
Number of asset objects unloaded after import = 3
========================================================================
Received Import Request.
  Time since last request: 0.000019 seconds.
  path: Assets/plugins/unscreen-112.png
  artifactKey: Guid(dd89222f26906304a9a3ec9889a7c932) Importer(815301076,1909f56bfc062723c751e8b465ee728b)
Start importing Assets/plugins/unscreen-112.png using Guid(dd89222f26906304a9a3ec9889a7c932) Importer(815301076,1909f56bfc062723c751e8b465ee728b)  -> (artifact id: 'bb142eac4a2381b20ef1520255590825') in 0.028553 seconds
Number of updated asset objects reloaded before import = 0
Number of asset objects unloaded after import = 3
========================================================================
Received Import Request.
  Time since last request: 0.000033 seconds.
  path: Assets/plugins/unscreen-094.png
  artifactKey: Guid(87ce8f1e9c557504e83368c885931c09) Importer(815301076,1909f56bfc062723c751e8b465ee728b)
Start importing Assets/plugins/unscreen-094.png using Guid(87ce8f1e9c557504e83368c885931c09) Importer(815301076,1909f56bfc062723c751e8b465ee728b)  -> (artifact id: '42ba743d456c809bd968e1ce7c9ae9cc') in 0.027308 seconds
Number of updated asset objects reloaded before import = 0
Number of asset objects unloaded after import = 3
========================================================================
Received Import Request.
  Time since last request: 0.000028 seconds.
  path: Assets/plugins/unscreen-101.png
  artifactKey: Guid(30aa5c8b0f0981b408624c0439bb615f) Importer(815301076,1909f56bfc062723c751e8b465ee728b)
Start importing Assets/plugins/unscreen-101.png using Guid(30aa5c8b0f0981b408624c0439bb615f) Importer(815301076,1909f56bfc062723c751e8b465ee728b)  -> (artifact id: '575686d5959057b62c1f20f83ae9f181') in 0.026957 seconds
Number of updated asset objects reloaded before import = 0
Number of asset objects unloaded after import = 3
========================================================================
Received Import Request.
  Time since last request: 0.000038 seconds.
  path: Assets/plugins/unscreen-099.png
  artifactKey: Guid(fe48e47fe520f654fac5d63b8e5ea094) Importer(815301076,1909f56bfc062723c751e8b465ee728b)
Start importing Assets/plugins/unscreen-099.png using Guid(fe48e47fe520f654fac5d63b8e5ea094) Importer(815301076,1909f56bfc062723c751e8b465ee728b)  -> (artifact id: '914487a980125676b6112acd1fbd4037') in 0.024355 seconds
Number of updated asset objects reloaded before import = 0
Number of asset objects unloaded after import = 3
========================================================================
Received Import Request.
  Time since last request: 0.000024 seconds.
  path: Assets/plugins/unscreen-100.png
  artifactKey: Guid(eaf611d3ea11c974fa4ff2720e927723) Importer(815301076,1909f56bfc062723c751e8b465ee728b)
Start importing Assets/plugins/unscreen-100.png using Guid(eaf611d3ea11c974fa4ff2720e927723) Importer(815301076,1909f56bfc062723c751e8b465ee728b)  -> (artifact id: '364011963c2a8dd622d2be913f2465ca') in 0.026661 seconds
Number of updated asset objects reloaded before import = 0
Number of asset objects unloaded after import = 3
========================================================================
Received Import Request.
  Time since last request: 0.000026 seconds.
  path: Assets/plugins/unscreen-109.png
  artifactKey: Guid(9d3b11bb7d8f4d04d82f98373312b817) Importer(815301076,1909f56bfc062723c751e8b465ee728b)
Start importing Assets/plugins/unscreen-109.png using Guid(9d3b11bb7d8f4d04d82f98373312b817) Importer(815301076,1909f56bfc062723c751e8b465ee728b)  -> (artifact id: '6491df22be6962a6b44ff01d237906a8') in 0.027833 seconds
Number of updated asset objects reloaded before import = 0
Number of asset objects unloaded after import = 3
========================================================================
Received Import Request.
  Time since last request: 0.000036 seconds.
  path: Assets/plugins/unscreen-137.png
  artifactKey: Guid(beb7dc9621819cd4cb933904891b3d60) Importer(815301076,1909f56bfc062723c751e8b465ee728b)
Start importing Assets/plugins/unscreen-137.png using Guid(beb7dc9621819cd4cb933904891b3d60) Importer(815301076,1909f56bfc062723c751e8b465ee728b)  -> (artifact id: '6642169254fea41d2ebe0f204f12cec7') in 0.028137 seconds
Number of updated asset objects reloaded before import = 0
Number of asset objects unloaded after import = 3
========================================================================
Received Import Request.
  Time since last request: 0.000020 seconds.
  path: Assets/plugins/unscreen-089.png
  artifactKey: Guid(eca3cbb12a524b04bae717cb17a7300c) Importer(815301076,1909f56bfc062723c751e8b465ee728b)
Start importing Assets/plugins/unscreen-089.png using Guid(eca3cbb12a524b04bae717cb17a7300c) Importer(815301076,1909f56bfc062723c751e8b465ee728b)  -> (artifact id: '45f5b931fce2f4b66bbe0209952745a3') in 0.027324 seconds
Number of updated asset objects reloaded before import = 0
Number of asset objects unloaded after import = 3
========================================================================
Received Import Request.
  Time since last request: 0.000017 seconds.
  path: Assets/plugins/unscreen-128.png
  artifactKey: Guid(d3e907db6055da249b3a0c4afb9e5073) Importer(815301076,1909f56bfc062723c751e8b465ee728b)
Start importing Assets/plugins/unscreen-128.png using Guid(d3e907db6055da249b3a0c4afb9e5073) Importer(815301076,1909f56bfc062723c751e8b465ee728b)  -> (artifact id: 'b18c98ed74c13f19c60d9f50d009d0e0') in 0.026424 seconds
Number of updated asset objects reloaded before import = 0
Number of asset objects unloaded after import = 3
========================================================================
Received Import Request.
  Time since last request: 0.000020 seconds.
  path: Assets/plugins/unscreen-131.png
  artifactKey: Guid(7990f286da4785b47a4696b89b1b6808) Importer(815301076,1909f56bfc062723c751e8b465ee728b)
Start importing Assets/plugins/unscreen-131.png using Guid(7990f286da4785b47a4696b89b1b6808) Importer(815301076,1909f56bfc062723c751e8b465ee728b)  -> (artifact id: 'edcdcd4c9b0efcad8ea51003e3d888c3') in 0.029504 seconds
Number of updated asset objects reloaded before import = 0
Number of asset objects unloaded after import = 3
========================================================================
Received Import Request.
  Time since last request: 0.000039 seconds.
  path: Assets/plugins/unscreen-098.png
  artifactKey: Guid(881ed69095bf73d41a0ff66f2a8ed9fd) Importer(815301076,1909f56bfc062723c751e8b465ee728b)
Start importing Assets/plugins/unscreen-098.png using Guid(881ed69095bf73d41a0ff66f2a8ed9fd) Importer(815301076,1909f56bfc062723c751e8b465ee728b)  -> (artifact id: '165edae2a735dfe3b1803b5a5e70b320') in 0.025852 seconds
Number of updated asset objects reloaded before import = 0
Number of asset objects unloaded after import = 3
========================================================================
Received Import Request.
  Time since last request: 0.000024 seconds.
  path: Assets/plugins/unscreen-119.png
  artifactKey: Guid(ec354c1d326c71840a69a529f9d4b48b) Importer(815301076,1909f56bfc062723c751e8b465ee728b)
Start importing Assets/plugins/unscreen-119.png using Guid(ec354c1d326c71840a69a529f9d4b48b) Importer(815301076,1909f56bfc062723c751e8b465ee728b)  -> (artifact id: '432a7235af9aef673743d7001853a2c2') in 0.030149 seconds
Number of updated asset objects reloaded before import = 0
Number of asset objects unloaded after import = 3
========================================================================
Received Import Request.
  Time since last request: 0.000020 seconds.
  path: Assets/plugins/unscreen-139.png
  artifactKey: Guid(e58208083cc0eaf4aad11b975fccd776) Importer(815301076,1909f56bfc062723c751e8b465ee728b)
Start importing Assets/plugins/unscreen-139.png using Guid(e58208083cc0eaf4aad11b975fccd776) Importer(815301076,1909f56bfc062723c751e8b465ee728b)  -> (artifact id: 'e4687e012ec321be5a30ad660ce181c8') in 0.028719 seconds
Number of updated asset objects reloaded before import = 0
Number of asset objects unloaded after import = 3
Editor requested this worker to shutdown with reason: Scaling down because of idle timeout
TcpMessagingSession - receive error: operation aborted. errorcode: 995, details: The I/O operation has been aborted because of either a thread exit or an application request.
AssetImportWorker is now disconnected from the server
Process exiting
Exiting without the bug reporter. Application will terminate with return code 0